Determining if the C compiler works failed with the following output:
Change Dir: C:/Users/Semih/CLionProjects/196112003_Semih_Sevim_Davranışsal/IteratorPattern/cmake-build-debug/CMakeFiles/CMakeTmp

Run Build Command(s):nmake /nologo cmTC_af214\fast && 	"C:\Program Files (x86)\Microsoft Visual Studio\2019\Community\VC\Tools\MSVC\14.28.29333\bin\HostX86\x86\nmake.exe"  -f CMakeFiles\cmTC_af214.dir\build.make /nologo -L                  CMakeFiles\cmTC_af214.dir\build
Building C object CMakeFiles/cmTC_af214.dir/testCCompiler.c.obj
	C:\PROGRA~2\MIB055~1\2019\COMMUN~1\VC\Tools\MSVC\1428~1.293\bin\Hostx86\x86\cl.exe @C:\Users\Semih\AppData\Local\Temp\nmD1A2.tmp
testCCompiler.c
Linking C executable cmTC_af214.exe
	"C:\Program Files\JetBrains\CLion 2020.3.2\bin\cmake\win\bin\cmake.exe" -E vs_link_exe --intdir=CMakeFiles\cmTC_af214.dir --rc=C:\PROGRA~2\WI3CF2~1\10\bin\100183~1.0\x86\rc.exe --mt=C:\PROGRA~2\WI3CF2~1\10\bin\100183~1.0\x86\mt.exe --manifests  -- C:\PROGRA~2\MIB055~1\2019\COMMUN~1\VC\Tools\MSVC\1428~1.293\bin\Hostx86\x86\link.exe /nologo @CMakeFiles\cmTC_af214.dir\objects1.rsp @C:\Users\Semih\AppData\Local\Temp\nmD397.tmp
LINK Pass 1: command "C:\PROGRA~2\MIB055~1\2019\COMMUN~1\VC\Tools\MSVC\1428~1.293\bin\Hostx86\x86\link.exe /nologo @CMakeFiles\cmTC_af214.dir\objects1.rsp /out:cmTC_af214.exe /implib:cmTC_af214.lib /pdb:C:\Users\Semih\CLionProjects\196112003_Semih_Sevim_Davran??sal\IteratorPattern\cmake-build-debug\CMakeFiles\CMakeTmp\cmTC_af214.pdb /version:0.0 /machine:X86 /debug /INCREMENTAL /subsystem:console kernel32.lib user32.lib gdi32.lib winspool.lib shell32.lib ole32.lib oleaut32.lib uuid.lib comdlg32.lib advapi32.lib /MANIFEST /MANIFESTFILE:CMakeFiles\cmTC_af214.dir/intermediate.manifest CMakeFiles\cmTC_af214.dir/manifest.res" failed (exit code 1201) with the following output:
LINK : fatal error LNK1201: 'C:\Users\Semih\CLionProjects\196112003_Semih_Sevim_Davran??sal\IteratorPattern\cmake-build-debug\CMakeFiles\CMakeTmp\cmTC_af214.pdb' program veritabanına yazılırken hata; yetersiz disk alanı, geçersiz yok veya yetersiz ayrıcalık denetimi yapın
NMAKE : fatal error U1077: '"C:\Program Files\JetBrains\CLion 2020.3.2\bin\cmake\win\bin\cmake.exe"' : D÷n³■ kodu '0xffffffff'
Stop.
NMAKE : fatal error U1077: '"C:\Program Files (x86)\Microsoft Visual Studio\2019\Community\VC\Tools\MSVC\14.28.29333\bin\HostX86\x86\nmake.exe"' : D÷n³■ kodu '0x2'
Stop.



